<?xml version="1.0" encoding="UTF-8"?>
<testsuite name="com.venkat.kotlin_programming.ExampleUnitTest" tests="1" skipped="0" failures="0" errors="0" timestamp="2025-10-10T06:24:37.221Z" hostname="Venkats-MacBook-Pro.local" time="0.002">
  <properties/>
  <testcase name="addition_isCorrect" classname="com.venkat.kotlin_programming.ExampleUnitTest" time="0.002"/>
  <system-out><![CDATA[]]></system-out>
  <system-err><![CDATA[]]></system-err>
</testsuite>
